jimmykirby@yahoo.com	jimmykirby	4R89$Bw6+Q	2022-03-08 21:48:19.205631	created
kylewhite@hotmail.com	kylewhite	lx1NnbBy2%	2022-03-08 22:06:29.134881	created
christopherande@yahoo.com	christopherande	!@E4PTvtCm	2022-03-08 23:07:56.057488	created
reneereese@gmail.com	reneereese	g$0*9Uoc$i	2022-03-08 23:18:48.040250	created
michellebuchana@gmail.com	michellebuchana	)2fr3Bu+Yl	2022-03-09 15:03:55.447016	created
bryanschwartz@gmail.com	bryanschwartz	Xp3EiBziT#	2022-03-09 15:06:24.127533	created
christopherhans@yahoo.com	christopherhans	@0pqZNKkp(	2022-03-09 15:07:56.030252	created
mariobradley@yahoo.com	mariobradley	z*H6Lv9xO+	2022-03-10 00:02:13.885831	created
staceyscott@hotmail.com	staceyscott	r$YDJ3+0*2	2022-03-10 22:54:54.697473	created
paulbaldwin@hotmail.com	paulbaldwin	*WlB#oK8F9	2022-03-10 23:13:56.912129	created
jonsanchez@hotmail.com	jonsanchez	+%Dv@bRM4p	2022-03-10 23:24:07.738756	created
crystalgoodwin@yahoo.com	crystalgoodwin	&i5W6K)dYG	2022-03-10 23:44:08.038225	created
deborahsanders@yahoo.com	deborahsanders	ay0nR*w$%A	2022-03-10 23:46:53.021861	created
michelleromero@hotmail.com	michelleromero	%VOK)7ydg4	2022-03-10 23:54:25.981749	created
brandonevans@hotmail.com	brandonevans	WKe0kP)xR!	2022-03-10 23:55:41.114414	created
larrykeller@gmail.com	larrykeller	jBu6!JEg)Y	2022-03-11 13:22:36.624027	deleted
chrisking@gmail.com	chrisking	&9DgZeeB*i	2022-03-11 13:25:46.144090	deleted
tiffanylopez@gmail.com	tiffanylopez	8Jug+Qfe@5	2022-03-11 13:37:38.818919	created
erinboyd@gmail.com	erinboyd	zRoKUOft#8	2022-03-11 13:40:53.525094	created
erinboyd@gmail.com	erinboyd	zRoKUOft#8	2022-03-11 13:41:01.589408	deleted
michaelsmith@hotmail.com	michaelsmith	!5(53rGr2E	2022-03-11 13:42:50.995483	created
michaelsmith@hotmail.com	michaelsmith	!5(53rGr2E	2022-03-11 13:42:59.156475	deleted
claudiahawkins@yahoo.com	claudiahawkins	_#8Rcvbwg_	2022-03-11 13:46:31.621633	created
jenniferrichmon@yahoo.com	jenniferrichmon	J)7wQD0odc	2022-03-11 13:53:19.088076	created
amandamoreno@yahoo.com	amandamoreno	m&F18mY&@0	2022-03-11 15:39:31.047239	deleted
crystalhunter@yahoo.com	crystalhunter	qD&)9wVtHE	2022-03-11 15:41:24.632037	deleted
alexaadams@yahoo.com	alexaadams	y677KNK(@t	2022-03-11 15:43:33.722193	deleted
jasonharris@yahoo.com	jasonharris	)mPbj+4Ei8	2022-03-11 15:48:10.911629	created
jasonharris@yahoo.com	jasonharris	)mPbj+4Ei8	2022-03-11 15:48:19.418883	deleted
